[Sun, 03 May 20 13:08:04 +0200][ERROR] {"message":"Not a valid user","trace":"#0 [internal function]: MovieSpace\\Controllers\\IndexController->loginAction()\n#1 [internal function]: Phalcon\\Dispatcher->callActionMethod(Object(MovieSpace\\Controllers\\IndexController), 'loginAction', Array)\n#2 [internal function]: Phalcon\\Dispatcher->dispatch()\n#3 C:\\xampp\\htdocs\\moviespace\\api\\public\\index.php(46): Phalcon\\Mvc\\Application->handle('\/login')\n#4 {main}"}
[Sun, 03 May 20 13:10:48 +0200][ERROR] {"message":"Not a valid user","trace":"#0 [internal function]: MovieSpace\\Controllers\\IndexController->loginAction()\n#1 [internal function]: Phalcon\\Dispatcher->callActionMethod(Object(MovieSpace\\Controllers\\IndexController), 'loginAction', Array)\n#2 [internal function]: Phalcon\\Dispatcher->dispatch()\n#3 C:\\xampp\\htdocs\\moviespace\\api\\public\\index.php(46): Phalcon\\Mvc\\Application->handle('\/login')\n#4 {main}"}
[Sun, 03 May 20 13:10:57 +0200][ERROR] {"message":"Not a valid user","trace":"#0 [internal function]: MovieSpace\\Controllers\\IndexController->loginAction()\n#1 [internal function]: Phalcon\\Dispatcher->callActionMethod(Object(MovieSpace\\Controllers\\IndexController), 'loginAction', Array)\n#2 [internal function]: Phalcon\\Dispatcher->dispatch()\n#3 C:\\xampp\\htdocs\\moviespace\\api\\public\\index.php(46): Phalcon\\Mvc\\Application->handle('\/login')\n#4 {main}"}
[Sun, 03 May 20 13:11:12 +0200][ERROR] {"message":"Not a valid user","trace":"#0 [internal function]: MovieSpace\\Controllers\\IndexController->loginAction()\n#1 [internal function]: Phalcon\\Dispatcher->callActionMethod(Object(MovieSpace\\Controllers\\IndexController), 'loginAction', Array)\n#2 [internal function]: Phalcon\\Dispatcher->dispatch()\n#3 C:\\xampp\\htdocs\\moviespace\\api\\public\\index.php(46): Phalcon\\Mvc\\Application->handle('\/login')\n#4 {main}"}
[Sun, 03 May 20 13:13:18 +0200][ERROR] {"message":"Not a valid user","trace":"#0 [internal function]: MovieSpace\\Controllers\\IndexController->loginAction()\n#1 [internal function]: Phalcon\\Dispatcher->callActionMethod(Object(MovieSpace\\Controllers\\IndexController), 'loginAction', Array)\n#2 [internal function]: Phalcon\\Dispatcher->dispatch()\n#3 C:\\xampp\\htdocs\\moviespace\\api\\public\\index.php(46): Phalcon\\Mvc\\Application->handle('\/login')\n#4 {main}"}
[Sun, 03 May 20 13:16:00 +0200][ERROR] {"message":"One or more errors occurred. userToken is required. firstName is required. lastName is required. emailAddress is required. password is required.","trace":"#0 [internal function]: MovieSpace\\Controllers\\IndexController->registerAction()\n#1 [internal function]: Phalcon\\Dispatcher->callActionMethod(Object(MovieSpace\\Controllers\\IndexController), 'registerAction', Array)\n#2 [internal function]: Phalcon\\Dispatcher->dispatch()\n#3 C:\\xampp\\htdocs\\moviespace\\api\\public\\index.php(46): Phalcon\\Mvc\\Application->handle('\/register')\n#4 {main}"}
[Sun, 03 May 20 13:17:41 +0200][ERROR] {"message":"One or more errors occurred. userToken is required. firstName is required. lastName is required. password is required.","trace":"#0 [internal function]: MovieSpace\\Controllers\\IndexController->registerAction()\n#1 [internal function]: Phalcon\\Dispatcher->callActionMethod(Object(MovieSpace\\Controllers\\IndexController), 'registerAction', Array)\n#2 [internal function]: Phalcon\\Dispatcher->dispatch()\n#3 C:\\xampp\\htdocs\\moviespace\\api\\public\\index.php(46): Phalcon\\Mvc\\Application->handle('\/register')\n#4 {main}"}
[Sun, 03 May 20 13:19:15 +0200][ERROR] {"message":"One or more errors occurred. userToken is required. emailAddress is required.","trace":"#0 [internal function]: MovieSpace\\Controllers\\IndexController->registerAction()\n#1 [internal function]: Phalcon\\Dispatcher->callActionMethod(Object(MovieSpace\\Controllers\\IndexController), 'registerAction', Array)\n#2 [internal function]: Phalcon\\Dispatcher->dispatch()\n#3 C:\\xampp\\htdocs\\moviespace\\api\\public\\index.php(46): Phalcon\\Mvc\\Application->handle('\/register')\n#4 {main}"}
[Sun, 03 May 20 13:46:45 +0200][ERROR] {"message":"One or more errors occurred. firstName is required. lastName is required. emailAddress is required.","trace":"#0 [internal function]: MovieSpace\\Controllers\\IndexController->registerAction()\n#1 [internal function]: Phalcon\\Dispatcher->callActionMethod(Object(MovieSpace\\Controllers\\IndexController), 'registerAction', Array)\n#2 [internal function]: Phalcon\\Dispatcher->dispatch()\n#3 C:\\xampp\\htdocs\\moviespace\\api\\public\\index.php(46): Phalcon\\Mvc\\Application->handle('\/register')\n#4 {main}"}
[Sun, 03 May 20 13:51:01 +0200][ERROR] {"message":"One or more errors occurred. password is required.","trace":"#0 [internal function]: MovieSpace\\Controllers\\IndexController->registerAction()\n#1 [internal function]: Phalcon\\Dispatcher->callActionMethod(Object(MovieSpace\\Controllers\\IndexController), 'registerAction', Array)\n#2 [internal function]: Phalcon\\Dispatcher->dispatch()\n#3 C:\\xampp\\htdocs\\moviespace\\api\\public\\index.php(46): Phalcon\\Mvc\\Application->handle('\/register')\n#4 {main}"}
[Sun, 03 May 20 14:12:56 +0200][ERROR] {"message":"One or more errors occurred. A user with this email already exists.","trace":"#0 [internal function]: MovieSpace\\Controllers\\IndexController->registerAction()\n#1 [internal function]: Phalcon\\Dispatcher->callActionMethod(Object(MovieSpace\\Controllers\\IndexController), 'registerAction', Array)\n#2 [internal function]: Phalcon\\Dispatcher->dispatch()\n#3 C:\\xampp\\htdocs\\moviespace\\api\\public\\index.php(46): Phalcon\\Mvc\\Application->handle('\/register')\n#4 {main}"}
[Sun, 03 May 20 19:02:13 +0200][ERROR] {"message":"Column 'emailAddress' doesn't belong to any of the selected models (1), when preparing: SELECT [MovieSpace\\Models\\AppUser].* FROM [MovieSpace\\Models\\AppUser] WHERE emailAddress = :email: LIMIT :APL0:","trace":"#0 [internal function]: Phalcon\\Mvc\\Model\\Query->_getQualified(Array)\n#1 [internal function]: Phalcon\\Mvc\\Model\\Query->_getExpression(Array, true)\n#2 [internal function]: Phalcon\\Mvc\\Model\\Query->_getExpression(Array)\n#3 [internal function]: Phalcon\\Mvc\\Model\\Query->_prepareSelect()\n#4 [internal function]: Phalcon\\Mvc\\Model\\Query->parse()\n#5 [internal function]: Phalcon\\Mvc\\Model\\Query->execute()\n#6 C:\\xampp\\htdocs\\moviespace\\api\\app\\models\\AppUser.php(85): Phalcon\\Mvc\\Model::findFirst(Array)\n#7 C:\\xampp\\htdocs\\moviespace\\api\\app\\controllers\\IndexController.php(63): MovieSpace\\Models\\AppUser::findFirst(Array)\n#8 [internal function]: MovieSpace\\Controllers\\IndexController->loginAction()\n#9 [internal function]: Phalcon\\Dispatcher->callActionMethod(Object(MovieSpace\\Controllers\\IndexController), 'loginAction', Array)\n#10 [internal function]: Phalcon\\Dispatcher->dispatch()\n#11 C:\\xampp\\htdocs\\moviespace\\api\\public\\index.php(48): Phalcon\\Mvc\\Application->handle('\/login')\n#12 {main}"}
[Sun, 03 May 20 19:04:12 +0200][ERROR] {"message":"Not a valid user","trace":"#0 [internal function]: MovieSpace\\Controllers\\IndexController->loginAction()\n#1 [internal function]: Phalcon\\Dispatcher->callActionMethod(Object(MovieSpace\\Controllers\\IndexController), 'loginAction', Array)\n#2 [internal function]: Phalcon\\Dispatcher->dispatch()\n#3 C:\\xampp\\htdocs\\moviespace\\api\\public\\index.php(48): Phalcon\\Mvc\\Application->handle('\/login')\n#4 {main}"}
[Sun, 03 May 20 19:05:21 +0200][ERROR] {"message":"Not a valid user","trace":"#0 [internal function]: MovieSpace\\Controllers\\IndexController->loginAction()\n#1 [internal function]: Phalcon\\Dispatcher->callActionMethod(Object(MovieSpace\\Controllers\\IndexController), 'loginAction', Array)\n#2 [internal function]: Phalcon\\Dispatcher->dispatch()\n#3 C:\\xampp\\htdocs\\moviespace\\api\\public\\index.php(48): Phalcon\\Mvc\\Application->handle('\/login')\n#4 {main}"}
[Sun, 03 May 20 19:37:46 +0200][ERROR] {"message":"Not a valid user","trace":"#0 [internal function]: MovieSpace\\Controllers\\IndexController->loginAction()\n#1 [internal function]: Phalcon\\Dispatcher->callActionMethod(Object(MovieSpace\\Controllers\\IndexController), 'loginAction', Array)\n#2 [internal function]: Phalcon\\Dispatcher->dispatch()\n#3 C:\\xampp\\htdocs\\moviespace\\api\\public\\index.php(48): Phalcon\\Mvc\\Application->handle('\/login')\n#4 {main}"}
[Sun, 03 May 20 19:46:52 +0200][ERROR] {"message":"One or more errors occurred. A user with this email already exists.","trace":"#0 [internal function]: MovieSpace\\Controllers\\IndexController->registerAction()\n#1 [internal function]: Phalcon\\Dispatcher->callActionMethod(Object(MovieSpace\\Controllers\\IndexController), 'registerAction', Array)\n#2 [internal function]: Phalcon\\Dispatcher->dispatch()\n#3 C:\\xampp\\htdocs\\moviespace\\api\\public\\index.php(48): Phalcon\\Mvc\\Application->handle('\/register')\n#4 {main}"}
[Mon, 04 May 20 10:21:53 +0200][ERROR] {"message":"MovieSpace\\Controllers\\LoginController handler class cannot be loaded","trace":"#0 [internal function]: Phalcon\\Mvc\\Dispatcher->_throwDispatchException('MovieSpace\\\\Cont...', 2)\n#1 [internal function]: Phalcon\\Dispatcher->dispatch()\n#2 C:\\xampp\\htdocs\\moviespace\\api\\public\\index.php(48): Phalcon\\Mvc\\Application->handle('\/login')\n#3 {main}"}
[Mon, 04 May 20 10:22:01 +0200][ERROR] {"message":"MovieSpace\\Controllers\\RegisterController handler class cannot be loaded","trace":"#0 [internal function]: Phalcon\\Mvc\\Dispatcher->_throwDispatchException('MovieSpace\\\\Cont...', 2)\n#1 [internal function]: Phalcon\\Dispatcher->dispatch()\n#2 C:\\xampp\\htdocs\\moviespace\\api\\public\\index.php(48): Phalcon\\Mvc\\Application->handle('\/register')\n#3 {main}"}
[Mon, 04 May 20 11:54:47 +0200][ERROR] {"message":"The JWT string must have two dots","trace":"#0 C:\\xampp\\htdocs\\moviespace\\api\\vendor\\lcobucci\\jwt\\src\\Parser.php(59): Lcobucci\\JWT\\Parser->splitJwt('...')\n#1 C:\\xampp\\htdocs\\moviespace\\api\\app\\plugins\\SecurityPlugin.php(198): Lcobucci\\JWT\\Parser->parse('...')\n#2 C:\\xampp\\htdocs\\moviespace\\api\\app\\config\\services.php(156): MovieSpace\\Plugins\\SecurityPlugin::getUserIdFromToken(Object(Phalcon\\Config), '...')\n#3 [internal function]: Closure->{closure}()\n#4 [internal function]: Phalcon\\Di\\Service->resolve(NULL, Object(Phalcon\\Di\\FactoryDefault))\n#5 C:\\xampp\\htdocs\\moviespace\\api\\app\\controllers\\MoviesController.php(67): Phalcon\\Di->get('user')\n#6 [internal function]: MovieSpace\\Controllers\\MoviesController->infoAction('2')\n#7 [internal function]: Phalcon\\Dispatcher->callActionMethod(Object(MovieSpace\\Controllers\\MoviesController), 'infoAction', Array)\n#8 [internal function]: Phalcon\\Dispatcher->dispatch()\n#9 C:\\xampp\\htdocs\\moviespace\\api\\public\\index.php(48): Phalcon\\Mvc\\Application->handle('\/movie\/2')\n#10 {main}"}
[Mon, 04 May 20 11:55:39 +0200][ERROR] {"message":"The JWT string must have two dots","trace":"#0 C:\\xampp\\htdocs\\moviespace\\api\\vendor\\lcobucci\\jwt\\src\\Parser.php(59): Lcobucci\\JWT\\Parser->splitJwt('chicken')\n#1 C:\\xampp\\htdocs\\moviespace\\api\\app\\plugins\\SecurityPlugin.php(198): Lcobucci\\JWT\\Parser->parse('chicken')\n#2 C:\\xampp\\htdocs\\moviespace\\api\\app\\config\\services.php(156): MovieSpace\\Plugins\\SecurityPlugin::getUserIdFromToken(Object(Phalcon\\Config), 'chicken')\n#3 [internal function]: Closure->{closure}()\n#4 [internal function]: Phalcon\\Di\\Service->resolve(NULL, Object(Phalcon\\Di\\FactoryDefault))\n#5 C:\\xampp\\htdocs\\moviespace\\api\\app\\controllers\\MoviesController.php(67): Phalcon\\Di->get('user')\n#6 [internal function]: MovieSpace\\Controllers\\MoviesController->infoAction('2')\n#7 [internal function]: Phalcon\\Dispatcher->callActionMethod(Object(MovieSpace\\Controllers\\MoviesController), 'infoAction', Array)\n#8 [internal function]: Phalcon\\Dispatcher->dispatch()\n#9 C:\\xampp\\htdocs\\moviespace\\api\\public\\index.php(48): Phalcon\\Mvc\\Application->handle('\/movie\/2')\n#10 {main}"}
[Mon, 04 May 20 11:55:57 +0200][ERROR] {"message":"Error while decoding to JSON: Syntax error","trace":"#0 C:\\xampp\\htdocs\\moviespace\\api\\vendor\\lcobucci\\jwt\\src\\Parser.php(112): Lcobucci\\JWT\\Parsing\\Decoder->jsonDecode('r')\n#1 C:\\xampp\\htdocs\\moviespace\\api\\vendor\\lcobucci\\jwt\\src\\Parser.php(60): Lcobucci\\JWT\\Parser->parseHeader('ch')\n#2 C:\\xampp\\htdocs\\moviespace\\api\\app\\plugins\\SecurityPlugin.php(198): Lcobucci\\JWT\\Parser->parse('ch.ic.ken')\n#3 C:\\xampp\\htdocs\\moviespace\\api\\app\\config\\services.php(156): MovieSpace\\Plugins\\SecurityPlugin::getUserIdFromToken(Object(Phalcon\\Config), 'ch.ic.ken')\n#4 [internal function]: Closure->{closure}()\n#5 [internal function]: Phalcon\\Di\\Service->resolve(NULL, Object(Phalcon\\Di\\FactoryDefault))\n#6 C:\\xampp\\htdocs\\moviespace\\api\\app\\controllers\\MoviesController.php(67): Phalcon\\Di->get('user')\n#7 [internal function]: MovieSpace\\Controllers\\MoviesController->infoAction('2')\n#8 [internal function]: Phalcon\\Dispatcher->callActionMethod(Object(MovieSpace\\Controllers\\MoviesController), 'infoAction', Array)\n#9 [internal function]: Phalcon\\Dispatcher->dispatch()\n#10 C:\\xampp\\htdocs\\moviespace\\api\\public\\index.php(48): Phalcon\\Mvc\\Application->handle('\/movie\/2')\n#11 {main}"}
[Mon, 04 May 20 11:56:27 +0200][ERROR] {"message":"The JWT string must have two dots","trace":"#0 C:\\xampp\\htdocs\\moviespace\\api\\vendor\\lcobucci\\jwt\\src\\Parser.php(59): Lcobucci\\JWT\\Parser->splitJwt(NULL)\n#1 C:\\xampp\\htdocs\\moviespace\\api\\app\\plugins\\SecurityPlugin.php(198): Lcobucci\\JWT\\Parser->parse(NULL)\n#2 C:\\xampp\\htdocs\\moviespace\\api\\app\\config\\services.php(156): MovieSpace\\Plugins\\SecurityPlugin::getUserIdFromToken(Object(Phalcon\\Config), NULL)\n#3 [internal function]: Closure->{closure}()\n#4 [internal function]: Phalcon\\Di\\Service->resolve(NULL, Object(Phalcon\\Di\\FactoryDefault))\n#5 C:\\xampp\\htdocs\\moviespace\\api\\app\\controllers\\MoviesController.php(67): Phalcon\\Di->get('user')\n#6 [internal function]: MovieSpace\\Controllers\\MoviesController->infoAction('2')\n#7 [internal function]: Phalcon\\Dispatcher->callActionMethod(Object(MovieSpace\\Controllers\\MoviesController), 'infoAction', Array)\n#8 [internal function]: Phalcon\\Dispatcher->dispatch()\n#9 C:\\xampp\\htdocs\\moviespace\\api\\public\\index.php(48): Phalcon\\Mvc\\Application->handle('\/movie\/2')\n#10 {main}"}
[Mon, 04 May 20 12:05:47 +0200][ERROR] {"message":"Error while decoding to JSON: Syntax error","trace":"#0 C:\\xampp\\htdocs\\moviespace\\api\\vendor\\lcobucci\\jwt\\src\\Parser.php(112): Lcobucci\\JWT\\Parsing\\Decoder->jsonDecode('r\\x18')\n#1 C:\\xampp\\htdocs\\moviespace\\api\\vendor\\lcobucci\\jwt\\src\\Parser.php(60): Lcobucci\\JWT\\Parser->parseHeader('chi')\n#2 C:\\xampp\\htdocs\\moviespace\\api\\app\\plugins\\SecurityPlugin.php(198): Lcobucci\\JWT\\Parser->parse('chi.cj.en')\n#3 C:\\xampp\\htdocs\\moviespace\\api\\app\\config\\services.php(158): MovieSpace\\Plugins\\SecurityPlugin::getUserIdFromToken(Object(Phalcon\\Config), 'chi.cj.en')\n#4 [internal function]: Closure->{closure}()\n#5 [internal function]: Phalcon\\Di\\Service->resolve(NULL, Object(Phalcon\\Di\\FactoryDefault))\n#6 C:\\xampp\\htdocs\\moviespace\\api\\app\\controllers\\MoviesController.php(68): Phalcon\\Di->get('user')\n#7 [internal function]: MovieSpace\\Controllers\\MoviesController->infoAction('3')\n#8 [internal function]: Phalcon\\Dispatcher->callActionMethod(Object(MovieSpace\\Controllers\\MoviesController), 'infoAction', Array)\n#9 [internal function]: Phalcon\\Dispatcher->dispatch()\n#10 C:\\xampp\\htdocs\\moviespace\\api\\public\\index.php(48): Phalcon\\Mvc\\Application->handle('\/movie\/3')\n#11 {main}"}
[Mon, 04 May 20 12:06:22 +0200][ERROR] {"message":"Error while decoding to JSON: Syntax error","trace":"#0 C:\\xampp\\htdocs\\moviespace\\api\\vendor\\lcobucci\\jwt\\src\\Parser.php(112): Lcobucci\\JWT\\Parsing\\Decoder->jsonDecode('r\\x18')\n#1 C:\\xampp\\htdocs\\moviespace\\api\\vendor\\lcobucci\\jwt\\src\\Parser.php(60): Lcobucci\\JWT\\Parser->parseHeader('chi')\n#2 C:\\xampp\\htdocs\\moviespace\\api\\app\\plugins\\SecurityPlugin.php(198): Lcobucci\\JWT\\Parser->parse('chi.cj.en')\n#3 C:\\xampp\\htdocs\\moviespace\\api\\app\\config\\services.php(158): MovieSpace\\Plugins\\SecurityPlugin::getUserIdFromToken(Object(Phalcon\\Config), 'chi.cj.en')\n#4 [internal function]: Closure->{closure}()\n#5 [internal function]: Phalcon\\Di\\Service->resolve(NULL, Object(Phalcon\\Di\\FactoryDefault))\n#6 C:\\xampp\\htdocs\\moviespace\\api\\app\\controllers\\MoviesController.php(68): Phalcon\\Di->get('user')\n#7 [internal function]: MovieSpace\\Controllers\\MoviesController->infoAction('3')\n#8 [internal function]: Phalcon\\Dispatcher->callActionMethod(Object(MovieSpace\\Controllers\\MoviesController), 'infoAction', Array)\n#9 [internal function]: Phalcon\\Dispatcher->dispatch()\n#10 C:\\xampp\\htdocs\\moviespace\\api\\public\\index.php(48): Phalcon\\Mvc\\Application->handle('\/movie\/3')\n#11 {main}"}
[Mon, 04 May 20 12:07:41 +0200][ERROR] {"message":"Movie with id: 3 not found.","trace":"#0 [internal function]: MovieSpace\\Controllers\\MoviesController->infoAction('3')\n#1 [internal function]: Phalcon\\Dispatcher->callActionMethod(Object(MovieSpace\\Controllers\\MoviesController), 'infoAction', Array)\n#2 [internal function]: Phalcon\\Dispatcher->dispatch()\n#3 C:\\xampp\\htdocs\\moviespace\\api\\public\\index.php(48): Phalcon\\Mvc\\Application->handle('\/movie\/3')\n#4 {main}"}
[Mon, 04 May 20 12:08:07 +0200][ERROR] {"message":"Movie with id: 3 not found.","trace":"#0 [internal function]: MovieSpace\\Controllers\\MoviesController->infoAction('3')\n#1 [internal function]: Phalcon\\Dispatcher->callActionMethod(Object(MovieSpace\\Controllers\\MoviesController), 'infoAction', Array)\n#2 [internal function]: Phalcon\\Dispatcher->dispatch()\n#3 C:\\xampp\\htdocs\\moviespace\\api\\public\\index.php(48): Phalcon\\Mvc\\Application->handle('\/movie\/3')\n#4 {main}"}
[Mon, 04 May 20 12:51:00 +0200][ERROR] {"message":"Movie with id: 3 not found.","trace":"#0 [internal function]: MovieSpace\\Controllers\\MoviesController->infoAction('3')\n#1 [internal function]: Phalcon\\Dispatcher->callActionMethod(Object(MovieSpace\\Controllers\\MoviesController), 'infoAction', Array)\n#2 [internal function]: Phalcon\\Dispatcher->dispatch()\n#3 C:\\xampp\\htdocs\\moviespace\\api\\public\\index.php(48): Phalcon\\Mvc\\Application->handle('\/movie\/3')\n#4 {main}"}
[Mon, 04 May 20 15:54:03 +0200][ERROR] {"message":"Not a valid user","trace":"#0 [internal function]: MovieSpace\\Controllers\\IndexController->loginAction()\n#1 [internal function]: Phalcon\\Dispatcher->callActionMethod(Object(MovieSpace\\Controllers\\IndexController), 'loginAction', Array)\n#2 [internal function]: Phalcon\\Dispatcher->dispatch()\n#3 C:\\xampp\\htdocs\\moviespace\\api\\public\\index.php(48): Phalcon\\Mvc\\Application->handle('\/login')\n#4 {main}"}
[Tue, 05 May 20 15:27:50 +0200][ERROR] {"message":"Not Found","trace":"#0 [internal function]: MovieSpace\\Plugins\\SecurityPlugin->beforeNotFoundAction(Object(Phalcon\\Events\\Event), Object(Phalcon\\Mvc\\Dispatcher), NULL)\n#1 [internal function]: Phalcon\\Events\\Manager->fireQueue(Array, Object(Phalcon\\Events\\Event))\n#2 [internal function]: Phalcon\\Events\\Manager->fire('dispatch:before...', Object(Phalcon\\Mvc\\Dispatcher))\n#3 [internal function]: Phalcon\\Dispatcher->dispatch()\n#4 C:\\xampp\\htdocs\\moviespace\\api\\public\\index.php(48): Phalcon\\Mvc\\Application->handle('\/user\/movie\/fav...')\n#5 {main}"}
[Tue, 05 May 20 18:42:36 +0200][ERROR] Error: Action 'main' was not found on handler 'main'
[Tue, 05 May 20 18:42:36 +0200][ERROR] Trace: #0 [internal function]: Phalcon\Cli\Dispatcher->_throwDispatchException('Action 'main' w...', 5)
#1 [internal function]: Phalcon\Dispatcher->dispatch()
#2 C:\xampp\htdocs\moviespace\api\cli\bootstrap.php(48): Phalcon\Cli\Console->handle(Array)
#3 C:\xampp\htdocs\moviespace\api\run(5): include('C:\\xampp\\htdocs...')
#4 {main}
[Wed, 06 May 20 15:59:24 +0200][ERROR] Error: Column 'genre:array' doesn't belong to any of the selected models (1), when preparing: SELECT [MovieSpace\Models\Genre].* FROM [MovieSpace\Models\Genre] WHERE name IN (genre:array)
[Wed, 06 May 20 15:59:24 +0200][ERROR] Trace: #0 [internal function]: Phalcon\Mvc\Model\Query->_getQualified(Array)
#1 [internal function]: Phalcon\Mvc\Model\Query->_getExpression(Array)
#2 [internal function]: Phalcon\Mvc\Model\Query->_getExpression(Array, true)
#3 [internal function]: Phalcon\Mvc\Model\Query->_getExpression(Array)
#4 [internal function]: Phalcon\Mvc\Model\Query->_prepareSelect()
#5 [internal function]: Phalcon\Mvc\Model\Query->parse()
#6 [internal function]: Phalcon\Mvc\Model\Query->execute()
#7 C:\xampp\htdocs\moviespace\api\app\models\Genre.php(60): Phalcon\Mvc\Model::find(Array)
#8 C:\xampp\htdocs\moviespace\api\app\library\Data\MovieHelper.php(190): MovieSpace\Models\Genre::find(Array)
#9 C:\xampp\htdocs\moviespace\api\app\tasks\MainTask.php(69): MovieSpace\Data\MovieHelper::saveViewModelToDB(Object(MovieSpace\Data\ViewModel\MovieModel))
#10 [internal function]: MovieSpace\Tasks\MainTask->saveMoviesAction(Array, Array)
#11 [internal function]: Phalcon\Cli\Dispatcher->callActionMethod(Object(MovieSpace\Tasks\MainTask), 'saveMoviesActio...', Array)
#12 [internal function]: Phalcon\Dispatcher->dispatch()
#13 C:\xampp\htdocs\moviespace\api\cli\bootstrap.php(48): Phalcon\Cli\Console->handle(Array)
#14 C:\xampp\htdocs\moviespace\api\run(5): include('C:\\xampp\\htdocs...')
#15 {main}
[Wed, 06 May 20 17:13:07 +0200][ERROR] {"message":"Movie with id: 21 not found.","trace":"#0 [internal function]: MovieSpace\\Controllers\\MoviesController->infoAction('21')\n#1 [internal function]: Phalcon\\Dispatcher->callActionMethod(Object(MovieSpace\\Controllers\\MoviesController), 'infoAction', Array)\n#2 [internal function]: Phalcon\\Dispatcher->dispatch()\n#3 C:\\xampp\\htdocs\\moviespace\\api\\public\\index.php(48): Phalcon\\Mvc\\Application->handle('\/movie\/21')\n#4 {main}"}
[Wed, 06 May 20 19:04:18 +0200][ERROR] Error: The table must contain at least one column
[Wed, 06 May 20 19:04:18 +0200][ERROR] Trace: #0 C:\xampp\htdocs\moviespace\api\app\tasks\DataTask.php(27): Phalcon\Db\Adapter->createTable('goat', NULL, Array)
#1 [internal function]: MovieSpace\Tasks\DataTask->createTableAction(Array, Array)
#2 [internal function]: Phalcon\Cli\Dispatcher->callActionMethod(Object(MovieSpace\Tasks\DataTask), 'createTableActi...', Array)
#3 [internal function]: Phalcon\Dispatcher->dispatch()
#4 C:\xampp\htdocs\moviespace\api\cli\bootstrap.php(48): Phalcon\Cli\Console->handle(Array)
#5 C:\xampp\htdocs\moviespace\api\run(5): include('C:\\xampp\\htdocs...')
#6 {main}
[Wed, 06 May 20 19:05:52 +0200][ERROR] Error: SQLSTATE[42000]: Syntax error or access violation: 1075 Incorrect table definition; there can be only one auto column and it must be defined as a key
[Wed, 06 May 20 19:05:52 +0200][ERROR] Trace: #0 [internal function]: PDO->exec('CREATE TABLE `g...')
#1 [internal function]: Phalcon\Db\Adapter\Pdo->execute('CREATE TABLE `g...')
#2 C:\xampp\htdocs\moviespace\api\app\tasks\DataTask.php(28): Phalcon\Db\Adapter->createTable('goat', NULL, Array)
#3 [internal function]: MovieSpace\Tasks\DataTask->createTableAction(Array, Array)
#4 [internal function]: Phalcon\Cli\Dispatcher->callActionMethod(Object(MovieSpace\Tasks\DataTask), 'createTableActi...', Array)
#5 [internal function]: Phalcon\Dispatcher->dispatch()
#6 C:\xampp\htdocs\moviespace\api\cli\bootstrap.php(48): Phalcon\Cli\Console->handle(Array)
#7 C:\xampp\htdocs\moviespace\api\run(5): include('C:\\xampp\\htdocs...')
#8 {main}
[Wed, 06 May 20 19:27:17 +0200][ERROR] Error: SQLSTATE[HY000] [14] unable to open database file
[Wed, 06 May 20 19:27:17 +0200][ERROR] Trace: #0 [internal function]: PDO->__construct('sqlite:C:\\xampp...', 'movie_db_user', 'movie_db_pass@1...', Array)
#1 [internal function]: Phalcon\Db\Adapter\Pdo->connect(Array)
#2 [internal function]: Phalcon\Db\Adapter\Pdo\Sqlite->connect(Array)
#3 C:\xampp\htdocs\moviespace\api\app\config\services_cli.php(43): Phalcon\Db\Adapter\Pdo->__construct(Array)
#4 [internal function]: Closure->{closure}()
#5 [internal function]: Phalcon\Di\Service->resolve(NULL, Object(Phalcon\Di\FactoryDefault\Cli))
#6 [internal function]: Phalcon\Di->get('db', NULL)
#7 [internal function]: Phalcon\Di->getShared('db')
#8 C:\xampp\htdocs\moviespace\api\app\tasks\DataTask.php(26): Phalcon\Di\Injectable->__get('db')
#9 C:\xampp\htdocs\moviespace\api\app\tasks\DataTask.php(14): MovieSpace\Tasks\DataTask->_createTableMovie()
#10 [internal function]: MovieSpace\Tasks\DataTask->createTablesAction(Array, Array)
#11 [internal function]: Phalcon\Cli\Dispatcher->callActionMethod(Object(MovieSpace\Tasks\DataTask), 'createTablesAct...', Array)
#12 [internal function]: Phalcon\Dispatcher->dispatch()
#13 C:\xampp\htdocs\moviespace\api\cli\bootstrap.php(48): Phalcon\Cli\Console->handle(Array)
#14 C:\xampp\htdocs\moviespace\api\run(5): include('C:\\xampp\\htdocs...')
#15 {main}
[Wed, 06 May 20 19:28:20 +0200][ERROR] Error: SQLSTATE[HY000] [14] unable to open database file
[Wed, 06 May 20 19:28:20 +0200][ERROR] Trace: #0 [internal function]: PDO->__construct('sqlite:C:\\xampp...', 'movie_db_user', 'movie_db_pass@1...', Array)
#1 [internal function]: Phalcon\Db\Adapter\Pdo->connect(Array)
#2 [internal function]: Phalcon\Db\Adapter\Pdo\Sqlite->connect(Array)
#3 C:\xampp\htdocs\moviespace\api\app\config\services_cli.php(43): Phalcon\Db\Adapter\Pdo->__construct(Array)
#4 [internal function]: Closure->{closure}()
#5 [internal function]: Phalcon\Di\Service->resolve(NULL, Object(Phalcon\Di\FactoryDefault\Cli))
#6 [internal function]: Phalcon\Di->get('db', NULL)
#7 [internal function]: Phalcon\Di->getShared('db')
#8 C:\xampp\htdocs\moviespace\api\app\tasks\DataTask.php(26): Phalcon\Di\Injectable->__get('db')
#9 C:\xampp\htdocs\moviespace\api\app\tasks\DataTask.php(14): MovieSpace\Tasks\DataTask->_createTableMovie()
#10 [internal function]: MovieSpace\Tasks\DataTask->createTablesAction(Array, Array)
#11 [internal function]: Phalcon\Cli\Dispatcher->callActionMethod(Object(MovieSpace\Tasks\DataTask), 'createTablesAct...', Array)
#12 [internal function]: Phalcon\Dispatcher->dispatch()
#13 C:\xampp\htdocs\moviespace\api\cli\bootstrap.php(48): Phalcon\Cli\Console->handle(Array)
#14 C:\xampp\htdocs\moviespace\api\run(5): include('C:\\xampp\\htdocs...')
#15 {main}
[Wed, 06 May 20 19:34:11 +0200][ERROR] Error: cURL error 28: Operation timed out after 2000 milliseconds with 0 bytes received (see https://curl.haxx.se/libcurl/c/libcurl-errors.html)
[Wed, 06 May 20 19:34:11 +0200][ERROR] Trace: #0 C:\xampp\htdocs\moviespace\api\app\tasks\MainTask.php(85): MovieSpace\ApiClient->__call('GET', Array)
#1 [internal function]: MovieSpace\Tasks\MainTask->fetchMoviesAction(Array, Array)
#2 [internal function]: Phalcon\Cli\Dispatcher->callActionMethod(Object(MovieSpace\Tasks\MainTask), 'fetchMoviesActi...', Array)
#3 [internal function]: Phalcon\Dispatcher->dispatch()
#4 C:\xampp\htdocs\moviespace\api\cli\bootstrap.php(48): Phalcon\Cli\Console->handle(Array)
#5 C:\xampp\htdocs\moviespace\api\run(5): include('C:\\xampp\\htdocs...')
#6 {main}
[Wed, 06 May 20 19:34:41 +0200][ERROR] Error: SQLSTATE[HY000]: General error: 1 no such table: movie_space.genre
[Wed, 06 May 20 19:34:41 +0200][ERROR] Trace: #0 [internal function]: PDO->prepare('SELECT "genre"....')
#1 [internal function]: Phalcon\Db\Adapter\Pdo->query('SELECT "genre"....', NULL, NULL)
#2 [internal function]: Phalcon\Mvc\Model\Query->_executeSelect(Array, NULL, NULL)
#3 [internal function]: Phalcon\Mvc\Model\Query->execute()
#4 C:\xampp\htdocs\moviespace\api\app\models\Genre.php(60): Phalcon\Mvc\Model::find(NULL)
#5 C:\xampp\htdocs\moviespace\api\app\library\Data\MovieHelper.php(145): MovieSpace\Models\Genre::find()
#6 C:\xampp\htdocs\moviespace\api\app\tasks\MainTask.php(90): MovieSpace\Data\MovieHelper::saveViewModelToDB(Object(MovieSpace\Data\ViewModel\MovieModel))
#7 [internal function]: MovieSpace\Tasks\MainTask->fetchMoviesAction(Array, Array)
#8 [internal function]: Phalcon\Cli\Dispatcher->callActionMethod(Object(MovieSpace\Tasks\MainTask), 'fetchMoviesActi...', Array)
#9 [internal function]: Phalcon\Dispatcher->dispatch()
#10 C:\xampp\htdocs\moviespace\api\cli\bootstrap.php(48): Phalcon\Cli\Console->handle(Array)
#11 C:\xampp\htdocs\moviespace\api\run(5): include('C:\\xampp\\htdocs...')
#12 {main}
[Thu, 07 May 20 11:20:14 +0200][ERROR] {"message":"Response was already sent","trace":"#0 C:\\xampp\\htdocs\\moviespace\\api\\app\\plugins\\SecurityPlugin.php(160): Phalcon\\Http\\Response->send()\n#1 [internal function]: MovieSpace\\Plugins\\SecurityPlugin->beforeException(Object(Phalcon\\Events\\Event), Object(Phalcon\\Mvc\\Dispatcher), Object(Phalcon\\Http\\Response\\Exception))\n#2 [internal function]: Phalcon\\Events\\Manager->fireQueue(Array, Object(Phalcon\\Events\\Event))\n#3 [internal function]: Phalcon\\Events\\Manager->fire('dispatch:before...', Object(Phalcon\\Mvc\\Dispatcher), Object(Phalcon\\Http\\Response\\Exception))\n#4 [internal function]: Phalcon\\Mvc\\Dispatcher->_handleException(Object(Phalcon\\Http\\Response\\Exception))\n#5 [internal function]: Phalcon\\Dispatcher->dispatch()\n#6 C:\\xampp\\htdocs\\moviespace\\api\\public\\index.php(48): Phalcon\\Mvc\\Application->handle('\/')\n#7 {main}"}
[Thu, 07 May 20 11:25:54 +0200][ERROR] {"message":"One or more errors occurred. lastName is required.","trace":"#0 [internal function]: MovieSpace\\Controllers\\IndexController->registerAction()\n#1 [internal function]: Phalcon\\Dispatcher->callActionMethod(Object(MovieSpace\\Controllers\\IndexController), 'registerAction', Array)\n#2 [internal function]: Phalcon\\Dispatcher->dispatch()\n#3 C:\\xampp\\htdocs\\moviespace\\api\\public\\index.php(48): Phalcon\\Mvc\\Application->handle('\/register')\n#4 {main}"}
[Thu, 07 May 20 11:27:02 +0200][ERROR] {"message":"One or more errors occurred. A user with this email already exists.","trace":"#0 [internal function]: MovieSpace\\Controllers\\IndexController->registerAction()\n#1 [internal function]: Phalcon\\Dispatcher->callActionMethod(Object(MovieSpace\\Controllers\\IndexController), 'registerAction', Array)\n#2 [internal function]: Phalcon\\Dispatcher->dispatch()\n#3 C:\\xampp\\htdocs\\moviespace\\api\\public\\index.php(48): Phalcon\\Mvc\\Application->handle('\/register')\n#4 {main}"}
[Thu, 07 May 20 11:32:07 +0200][ERROR] {"message":"Not a valid user","trace":"#0 [internal function]: MovieSpace\\Controllers\\IndexController->loginAction()\n#1 [internal function]: Phalcon\\Dispatcher->callActionMethod(Object(MovieSpace\\Controllers\\IndexController), 'loginAction', Array)\n#2 [internal function]: Phalcon\\Dispatcher->dispatch()\n#3 C:\\xampp\\htdocs\\moviespace\\api\\public\\index.php(48): Phalcon\\Mvc\\Application->handle('\/login')\n#4 {main}"}
